mode: atomic
github.com/39george/authpher/adapters/helpers/cookiejar.go:14.20,18.2 3 0
github.com/39george/authpher/adapters/helpers/cookiejar.go:23.64,27.2 3 0
github.com/39george/authpher/adapters/helpers/cookiejar.go:32.52,34.2 1 0
github.com/39george/authpher/adapters/helpers/helpers.go:9.45,16.2 2 0
github.com/39george/authpher/adapters/helpers/helpers.go:18.32,19.48 1 0
github.com/39george/authpher/adapters/helpers/helpers.go:19.48,21.3 1 0
github.com/39george/authpher/adapters/helpers/helpers.go:21.8,22.52 1 0
github.com/39george/authpher/adapters/helpers/testbackend/testbackend.go:18.33,21.2 1 0
github.com/39george/authpher/adapters/helpers/testbackend/testbackend.go:23.45,25.2 1 0
github.com/39george/authpher/adapters/helpers/testbackend/testbackend.go:38.30,40.23 2 0
github.com/39george/authpher/adapters/helpers/testbackend/testbackend.go:40.23,42.3 1 0
github.com/39george/authpher/adapters/helpers/testbackend/testbackend.go:42.8,44.3 1 0
github.com/39george/authpher/adapters/helpers/testbackend/testbackend.go:50.30,52.18 2 0
github.com/39george/authpher/adapters/helpers/testbackend/testbackend.go:52.18,54.3 1 0
github.com/39george/authpher/adapters/helpers/testbackend/testbackend.go:54.8,56.3 1 0
github.com/39george/authpher/adapters/helpers/testbackend/testbackend.go:62.31,65.34 2 0
github.com/39george/authpher/adapters/helpers/testbackend/testbackend.go:65.34,67.3 1 0
github.com/39george/authpher/adapters/helpers/testbackend/testbackend.go:68.2,68.19 1 0
github.com/39george/authpher/adapters/helpers/testbackend/testbackend.go:74.31,77.2 2 0
github.com/39george/authpher/adapters/authttp/middleware.go:20.49,24.2 3 0
github.com/39george/authpher/adapters/authttp/middleware.go:26.130,29.36 3 3
github.com/39george/authpher/adapters/authttp/middleware.go:29.36,30.47 1 0
github.com/39george/authpher/adapters/authttp/middleware.go:32.2,32.46 1 3
github.com/39george/authpher/adapters/authttp/middleware.go:32.46,33.72 1 3
github.com/39george/authpher/adapters/authttp/middleware.go:33.72,36.18 3 5
github.com/39george/authpher/adapters/authttp/middleware.go:36.18,39.5 2 0
github.com/39george/authpher/adapters/authttp/middleware.go:40.4,41.24 2 5
github.com/39george/authpher/adapters/authttp/middleware.go:46.92,47.46 1 3
github.com/39george/authpher/adapters/authttp/middleware.go:47.46,48.72 1 3
github.com/39george/authpher/adapters/authttp/middleware.go:48.72,51.18 3 3
github.com/39george/authpher/adapters/authttp/middleware.go:51.18,53.5 1 0
github.com/39george/authpher/adapters/authttp/middleware.go:54.4,55.18 2 3
github.com/39george/authpher/adapters/authttp/middleware.go:55.18,56.12 1 2
github.com/39george/authpher/adapters/authttp/middleware.go:57.47,58.33 1 0
github.com/39george/authpher/adapters/authttp/middleware.go:59.48,60.80 1 1
github.com/39george/authpher/adapters/authttp/middleware.go:61.51,62.86 1 1
github.com/39george/authpher/adapters/authttp/middleware.go:64.5,64.11 1 2
github.com/39george/authpher/adapters/authttp/middleware.go:72.40,74.24 2 3
github.com/39george/authpher/adapters/authttp/middleware.go:74.24,78.3 1 0
github.com/39george/authpher/adapters/authttp/middleware.go:79.2,80.16 2 3
github.com/39george/authpher/adapters/authttp/middleware.go:83.60,87.40 4 0
github.com/39george/authpher/adapters/authttp/middleware.go:87.40,89.3 1 0
github.com/39george/authpher/adapters/helpers/cookiejar.go:14.20,18.2 3 3
github.com/39george/authpher/adapters/helpers/cookiejar.go:23.64,27.2 3 2
github.com/39george/authpher/adapters/helpers/cookiejar.go:32.52,34.2 1 5
github.com/39george/authpher/adapters/helpers/helpers.go:9.45,16.2 2 3
github.com/39george/authpher/adapters/helpers/helpers.go:18.32,19.48 1 6
github.com/39george/authpher/adapters/helpers/helpers.go:19.48,21.3 1 6
github.com/39george/authpher/adapters/helpers/helpers.go:21.8,22.52 1 0
github.com/39george/authpher/adapters/helpers/testbackend/testbackend.go:18.33,21.2 1 4
github.com/39george/authpher/adapters/helpers/testbackend/testbackend.go:23.45,25.2 1 4
github.com/39george/authpher/adapters/helpers/testbackend/testbackend.go:38.30,40.23 2 2
github.com/39george/authpher/adapters/helpers/testbackend/testbackend.go:40.23,42.3 1 2
github.com/39george/authpher/adapters/helpers/testbackend/testbackend.go:42.8,44.3 1 0
github.com/39george/authpher/adapters/helpers/testbackend/testbackend.go:50.30,52.18 2 2
github.com/39george/authpher/adapters/helpers/testbackend/testbackend.go:52.18,54.3 1 2
github.com/39george/authpher/adapters/helpers/testbackend/testbackend.go:54.8,56.3 1 0
github.com/39george/authpher/adapters/helpers/testbackend/testbackend.go:62.31,65.34 2 2
github.com/39george/authpher/adapters/helpers/testbackend/testbackend.go:65.34,67.3 1 2
github.com/39george/authpher/adapters/helpers/testbackend/testbackend.go:68.2,68.19 1 2
github.com/39george/authpher/adapters/helpers/testbackend/testbackend.go:74.31,77.2 2 2
github.com/39george/authpher/adapters/authgin/middleware.go:12.114,15.36 3 3
github.com/39george/authpher/adapters/authgin/middleware.go:15.36,16.47 1 0
github.com/39george/authpher/adapters/authgin/middleware.go:18.2,18.30 1 3
github.com/39george/authpher/adapters/authgin/middleware.go:18.30,20.17 2 5
github.com/39george/authpher/adapters/authgin/middleware.go:20.17,23.4 2 0
github.com/39george/authpher/adapters/authgin/middleware.go:24.3,25.11 2 5
github.com/39george/authpher/adapters/authgin/middleware.go:29.76,30.30 1 3
github.com/39george/authpher/adapters/authgin/middleware.go:30.30,32.17 2 3
github.com/39george/authpher/adapters/authgin/middleware.go:32.17,35.4 2 0
github.com/39george/authpher/adapters/authgin/middleware.go:36.3,37.17 2 3
github.com/39george/authpher/adapters/authgin/middleware.go:37.17,38.11 1 2
github.com/39george/authpher/adapters/authgin/middleware.go:39.46,40.58 1 0
github.com/39george/authpher/adapters/authgin/middleware.go:41.47,42.44 1 1
github.com/39george/authpher/adapters/authgin/middleware.go:43.50,44.47 1 1
github.com/39george/authpher/adapters/authgin/middleware.go:46.4,46.10 1 2
github.com/39george/authpher/adapters/authgin/middleware.go:48.3,49.11 2 1
github.com/39george/authpher/adapters/authgin/middleware.go:55.40,57.13 2 3
github.com/39george/authpher/adapters/authgin/middleware.go:57.13,61.3 1 0
github.com/39george/authpher/adapters/authgin/middleware.go:62.2,63.16 2 3
github.com/39george/authpher/adapters/helpers/cookiejar.go:14.20,18.2 3 3
github.com/39george/authpher/adapters/helpers/cookiejar.go:23.64,27.2 3 2
github.com/39george/authpher/adapters/helpers/cookiejar.go:32.52,34.2 1 5
github.com/39george/authpher/adapters/helpers/helpers.go:9.45,16.2 2 3
github.com/39george/authpher/adapters/helpers/helpers.go:18.32,19.48 1 6
github.com/39george/authpher/adapters/helpers/helpers.go:19.48,21.3 1 6
github.com/39george/authpher/adapters/helpers/helpers.go:21.8,22.52 1 0
github.com/39george/authpher/adapters/helpers/testbackend/testbackend.go:18.33,21.2 1 4
github.com/39george/authpher/adapters/helpers/testbackend/testbackend.go:23.45,25.2 1 4
github.com/39george/authpher/adapters/helpers/testbackend/testbackend.go:38.30,40.23 2 2
github.com/39george/authpher/adapters/helpers/testbackend/testbackend.go:40.23,42.3 1 2
github.com/39george/authpher/adapters/helpers/testbackend/testbackend.go:42.8,44.3 1 0
github.com/39george/authpher/adapters/helpers/testbackend/testbackend.go:50.30,52.18 2 2
github.com/39george/authpher/adapters/helpers/testbackend/testbackend.go:52.18,54.3 1 2
github.com/39george/authpher/adapters/helpers/testbackend/testbackend.go:54.8,56.3 1 0
github.com/39george/authpher/adapters/helpers/testbackend/testbackend.go:62.31,65.34 2 2
github.com/39george/authpher/adapters/helpers/testbackend/testbackend.go:65.34,67.3 1 2
github.com/39george/authpher/adapters/helpers/testbackend/testbackend.go:68.2,68.19 1 2
github.com/39george/authpher/adapters/helpers/testbackend/testbackend.go:74.31,77.2 2 2
